<?xml version="1.0" encoding="UTF-8"?>
<!-- Generated by org.testng.reporters.JUnitReportReporter -->
<testsuite hostname="DESKTOP-0C4RJ0U" failures="0" tests="3" name="testng.classtest1" time="0.012" errors="0" timestamp="2023-03-17T20:53:14 IST" skipped="0">
  <testcase classname="testng.classtest1" name="onetest1" time="0.005"/>
  <system-out/>
  <testcase classname="testng.classtest1" name="oneabcd" time="0.004"/>
  <system-out/>
  <testcase classname="testng.classtest1" name="onetest2" time="0.003"/>
  <system-out/>
</testsuite> <!-- testng.classtest1 -->
